<?xml version="1.0" encoding="UTF-8"?>
<testsuite name="RockPaperTest" tests="1" skipped="0" failures="0" errors="0" timestamp="2016-09-07T20:17:33" hostname="epicodus-26.local" time="0.001">
  <properties/>
  <testcase name="computerChooses_shouldBeAString_true" classname="RockPaperTest" time="0.001"/>
  <system-out><![CDATA[]]></system-out>
  <system-err><![CDATA[]]></system-err>
</testsuite>
